0 info it worked if it ends with ok
1 verbose cli [ '/usr/bin/node', '/usr/bin/npm', 'install' ]
2 info using npm@1.4.28
3 info using node@v0.10.33
4 verbose node symlink /usr/bin/node
5 verbose readDependencies using package.json deps
6 verbose install where, deps [ '/home/johannes/Development/startup-ideas/Ticketsystem/code',
6 verbose install   [ 'express',
6 verbose install     'body-parser',
6 verbose install     'cookie-parser',
6 verbose install     'morgan',
6 verbose install     'serve-favicon',
6 verbose install     'debug',
6 verbose install     'jade',
6 verbose install     'pg',
6 verbose install     'knex',
6 verbose install     'progressbar',
6 verbose install     'pg-query-stream',
6 verbose install     'sequence',
6 verbose install     'moment-timezone',
6 verbose install     'passport' ] ]
7 info preinstall Ticketingsystems@0.0.1
8 verbose readDependencies using package.json deps
9 verbose already installed skipping morgan@~1.3.0 /home/johannes/Development/startup-ideas/Ticketsystem/code
10 verbose already installed skipping serve-favicon@~2.1.3 /home/johannes/Development/startup-ideas/Ticketsystem/code
11 verbose already installed skipping debug@~2.0.0 /home/johannes/Development/startup-ideas/Ticketsystem/code
12 verbose already installed skipping jade@~1.7.0 /home/johannes/Development/startup-ideas/Ticketsystem/code
13 verbose already installed skipping pg@3.6.2 /home/johannes/Development/startup-ideas/Ticketsystem/code
14 verbose already installed skipping knex@0.7.3 /home/johannes/Development/startup-ideas/Ticketsystem/code
15 verbose already installed skipping progressbar@1.0.3 /home/johannes/Development/startup-ideas/Ticketsystem/code
16 verbose already installed skipping pg-query-stream@0.6.0 /home/johannes/Development/startup-ideas/Ticketsystem/code
17 verbose already installed skipping sequence@3.0.0 /home/johannes/Development/startup-ideas/Ticketsystem/code
18 verbose already installed skipping moment-timezone@0.2.4 /home/johannes/Development/startup-ideas/Ticketsystem/code
19 verbose cache add [ 'passport@0.5.0', null ]
20 verbose cache add name=undefined spec="passport@0.5.0" args=["passport@0.5.0",null]
21 verbose parsed url { protocol: null,
21 verbose parsed url   slashes: null,
21 verbose parsed url   auth: null,
21 verbose parsed url   host: null,
21 verbose parsed url   port: null,
21 verbose parsed url   hostname: null,
21 verbose parsed url   hash: null,
21 verbose parsed url   search: null,
21 verbose parsed url   query: null,
21 verbose parsed url   pathname: 'passport@0.5.0',
21 verbose parsed url   path: 'passport@0.5.0',
21 verbose parsed url   href: 'passport@0.5.0' }
22 verbose already installed skipping express@~4.9.0 /home/johannes/Development/startup-ideas/Ticketsystem/code
23 verbose already installed skipping body-parser@~1.8.1 /home/johannes/Development/startup-ideas/Ticketsystem/code
24 verbose already installed skipping cookie-parser@~1.3.3 /home/johannes/Development/startup-ideas/Ticketsystem/code
25 verbose cache add name="passport" spec="0.5.0" args=["passport","0.5.0"]
26 verbose parsed url { protocol: null,
26 verbose parsed url   slashes: null,
26 verbose parsed url   auth: null,
26 verbose parsed url   host: null,
26 verbose parsed url   port: null,
26 verbose parsed url   hostname: null,
26 verbose parsed url   hash: null,
26 verbose parsed url   search: null,
26 verbose parsed url   query: null,
26 verbose parsed url   pathname: '0.5.0',
26 verbose parsed url   path: '0.5.0',
26 verbose parsed url   href: '0.5.0' }
27 verbose addNamed [ 'passport', '0.5.0' ]
28 verbose addNamed [ '0.5.0', '0.5.0' ]
29 silly lockFile 9106e6b0-passport-0-5-0 passport@0.5.0
30 verbose lock passport@0.5.0 /home/johannes/.npm/9106e6b0-passport-0-5-0.lock
31 verbose request where is /passport
32 verbose request registry https://registry.npmjs.org/
33 verbose request id 3efaca343e568c4d
34 verbose url raw /passport
35 verbose url resolving [ 'https://registry.npmjs.org/', './passport' ]
36 verbose url resolved https://registry.npmjs.org/passport
37 verbose request where is https://registry.npmjs.org/passport
38 info trying registry request attempt 1 at 20:15:10
39 verbose etag "79U5E9JDIGAQHPBAUUMQDWTSU"
40 http GET https://registry.npmjs.org/passport
41 http 200 https://registry.npmjs.org/passport
42 silly registry.get cb [ 200,
42 silly registry.get   { date: 'Fri, 31 Oct 2014 07:15:12 GMT',
42 silly registry.get     server: 'CouchDB/1.5.0 (Erlang OTP/R16B03)',
42 silly registry.get     etag: '"BDEBWQMLPJCANEZTSWTMV2L1U"',
42 silly registry.get     'content-type': 'application/json',
42 silly registry.get     'cache-control': 'max-age=60',
42 silly registry.get     'content-length': '33668',
42 silly registry.get     'accept-ranges': 'bytes',
42 silly registry.get     via: '1.1 varnish',
42 silly registry.get     age: '0',
42 silly registry.get     'x-served-by': 'cache-ak47-NZ',
42 silly registry.get     'x-cache': 'MISS',
42 silly registry.get     'x-cache-hits': '0',
42 silly registry.get     'x-timer': 'S1414739711.670011,VS0,VE1051',
42 silly registry.get     vary: 'Accept',
42 silly registry.get     'keep-alive': 'timeout=10, max=50',
42 silly registry.get     connection: 'Keep-Alive' } ]
43 silly lockFile 9106e6b0-passport-0-5-0 passport@0.5.0
44 silly lockFile 9106e6b0-passport-0-5-0 passport@0.5.0
45 error Error: version not found: passport@0.5.0
45 error     at /usr/lib/node_modules/npm/lib/cache/add-named.js:125:12
45 error     at saved (/usr/lib/node_modules/npm/node_modules/npm-registry-client/lib/get.js:167:7)
45 error     at Object.oncomplete (fs.js:107:15)
46 error If you need help, you may report this *entire* log,
46 error including the npm and node versions, at:
46 error     <http://github.com/npm/npm/issues>
47 error System Linux 3.13.0-24-generic
48 error command "/usr/bin/node" "/usr/bin/npm" "install"
49 error cwd /home/johannes/Development/startup-ideas/Ticketsystem/code
50 error node -v v0.10.33
51 error npm -v 1.4.28
52 verbose exit [ 1, true ]
